{"/home/syphax/JS/jsau/jsau-webserver/app.js": {"path":"/home/syphax/JS/jsau/jsau-webserver/app.js","statementMap":{"0":{"start":{"line":2,"column":16},"end":{"line":2,"column":34}},"1":{"start":{"line":3,"column":12},"end":{"line":3,"column":21}},"2":{"start":{"line":4,"column":13},"end":{"line":4,"column":17}},"3":{"start":{"line":5,"column":15},"end":{"line":5,"column":32}},"4":{"start":{"line":6,"column":11},"end":{"line":6,"column":33}},"5":{"start":{"line":7,"column":13},"end":{"line":7,"column":28}},"6":{"start":{"line":9,"column":17},"end":{"line":9,"column":36}},"7":{"start":{"line":10,"column":0},"end":{"line":14,"column":2}},"8":{"start":{"line":16,"column":0},"end":{"line":16,"column":35}},"9":{"start":{"line":17,"column":0},"end":{"line":17,"column":23}},"10":{"start":{"line":18,"column":0},"end":{"line":18,"column":24}},"11":{"start":{"line":19,"column":0},"end":{"line":19,"column":46}},"12":{"start":{"line":21,"column":0},"end":{"line":26,"column":3}},"13":{"start":{"line":22,"column":14},"end":{"line":22,"column":34}},"14":{"start":{"line":23,"column":4},"end":{"line":23,"column":47}},"15":{"start":{"line":24,"column":4},"end":{"line":24,"column":31}},"16":{"start":{"line":25,"column":4},"end":{"line":25,"column":19}},"17":{"start":{"line":27,"column":0},"end":{"line":53,"column":3}},"18":{"start":{"line":28,"column":4},"end":{"line":52,"column":5}},"19":{"start":{"line":30,"column":21},"end":{"line":30,"column":45}},"20":{"start":{"line":31,"column":24},"end":{"line":31,"column":45}},"21":{"start":{"line":34,"column":26},"end":{"line":34,"column":52}},"22":{"start":{"line":37,"column":23},"end":{"line":37,"column":43}},"23":{"start":{"line":40,"column":22},"end":{"line":40,"column":96}},"24":{"start":{"line":40,"column":80},"end":{"line":40,"column":90}},"25":{"start":{"line":43,"column":22},"end":{"line":43,"column":31}},"26":{"start":{"line":46,"column":8},"end":{"line":46,"column":66}},"27":{"start":{"line":47,"column":8},"end":{"line":47,"column":51}},"28":{"start":{"line":48,"column":8},"end":{"line":48,"column":38}},"29":{"start":{"line":50,"column":8},"end":{"line":50,"column":68}},"30":{"start":{"line":51,"column":8},"end":{"line":51,"column":67}},"31":{"start":{"line":57,"column":0},"end":{"line":84,"column":3}},"32":{"start":{"line":58,"column":4},"end":{"line":83,"column":5}},"33":{"start":{"line":59,"column":26},"end":{"line":59,"column":49}},"34":{"start":{"line":62,"column":23},"end":{"line":62,"column":43}},"35":{"start":{"line":65,"column":29},"end":{"line":65,"column":84}},"36":{"start":{"line":65,"column":59},"end":{"line":65,"column":83}},"37":{"start":{"line":67,"column":8},"end":{"line":71,"column":9}},"38":{"start":{"line":69,"column":12},"end":{"line":69,"column":55}},"39":{"start":{"line":70,"column":12},"end":{"line":70,"column":19}},"40":{"start":{"line":74,"column":8},"end":{"line":74,"column":41}},"41":{"start":{"line":77,"column":8},"end":{"line":77,"column":87}},"42":{"start":{"line":78,"column":8},"end":{"line":78,"column":51}},"43":{"start":{"line":79,"column":8},"end":{"line":79,"column":49}},"44":{"start":{"line":81,"column":8},"end":{"line":81,"column":74}},"45":{"start":{"line":82,"column":8},"end":{"line":82,"column":73}},"46":{"start":{"line":86,"column":0},"end":{"line":88,"column":3}},"47":{"start":{"line":87,"column":4},"end":{"line":87,"column":43}},"48":{"start":{"line":90,"column":21},"end":{"line":95,"column":1}},"49":{"start":{"line":91,"column":17},"end":{"line":91,"column":59}},"50":{"start":{"line":92,"column":21},"end":{"line":92,"column":37}},"51":{"start":{"line":94,"column":4},"end":{"line":94,"column":20}},"52":{"start":{"line":97,"column":19},"end":{"line":102,"column":1}},"53":{"start":{"line":98,"column":19},"end":{"line":98,"column":39}},"54":{"start":{"line":99,"column":4},"end":{"line":99,"column":27}},"55":{"start":{"line":100,"column":4},"end":{"line":100,"column":75}},"56":{"start":{"line":101,"column":4},"end":{"line":101,"column":56}},"57":{"start":{"line":104,"column":0},"end":{"line":110,"column":1}},"58":{"start":{"line":106,"column":4},"end":{"line":108,"column":7}},"59":{"start":{"line":107,"column":8},"end":{"line":107,"column":61}},"60":{"start":{"line":113,"column":21},"end":{"line":119,"column":5}},"61":{"start":{"line":122,"column":28},"end":{"line":125,"column":6}},"62":{"start":{"line":123,"column":22},"end":{"line":123,"column":48}},"63":{"start":{"line":124,"column":8},"end":{"line":124,"column":37}},"64":{"start":{"line":127,"column":4},"end":{"line":127,"column":27}},"65":{"start":{"line":130,"column":0},"end":{"line":130,"column":20}}},"fnMap":{"0":{"name":"(anonymous_0)","decl":{"start":{"line":21,"column":13},"end":{"line":21,"column":14}},"loc":{"start":{"line":21,"column":33},"end":{"line":26,"column":1}},"line":21},"1":{"name":"(anonymous_1)","decl":{"start":{"line":27,"column":22},"end":{"line":27,"column":23}},"loc":{"start":{"line":27,"column":42},"end":{"line":53,"column":1}},"line":27},"2":{"name":"(anonymous_2)","decl":{"start":{"line":40,"column":69},"end":{"line":40,"column":70}},"loc":{"start":{"line":40,"column":80},"end":{"line":40,"column":90}},"line":40},"3":{"name":"(anonymous_3)","decl":{"start":{"line":57,"column":26},"end":{"line":57,"column":27}},"loc":{"start":{"line":57,"column":46},"end":{"line":84,"column":1}},"line":57},"4":{"name":"(anonymous_4)","decl":{"start":{"line":65,"column":48},"end":{"line":65,"column":49}},"loc":{"start":{"line":65,"column":59},"end":{"line":65,"column":83}},"line":65},"5":{"name":"(anonymous_5)","decl":{"start":{"line":86,"column":17},"end":{"line":86,"column":18}},"loc":{"start":{"line":86,"column":31},"end":{"line":88,"column":1}},"line":86},"6":{"name":"(anonymous_6)","decl":{"start":{"line":90,"column":21},"end":{"line":90,"column":22}},"loc":{"start":{"line":90,"column":33},"end":{"line":95,"column":1}},"line":90},"7":{"name":"(anonymous_7)","decl":{"start":{"line":97,"column":19},"end":{"line":97,"column":20}},"loc":{"start":{"line":97,"column":38},"end":{"line":102,"column":1}},"line":97},"8":{"name":"(anonymous_8)","decl":{"start":{"line":106,"column":21},"end":{"line":106,"column":22}},"loc":{"start":{"line":106,"column":27},"end":{"line":108,"column":5}},"line":106},"9":{"name":"transformTextToEmoji","decl":{"start":{"line":112,"column":9},"end":{"line":112,"column":29}},"loc":{"start":{"line":112,"column":36},"end":{"line":128,"column":1}},"line":112},"10":{"name":"(anonymous_10)","decl":{"start":{"line":122,"column":55},"end":{"line":122,"column":56}},"loc":{"start":{"line":122,"column":70},"end":{"line":125,"column":5}},"line":122}},"branchMap":{"0":{"loc":{"start":{"line":40,"column":22},"end":{"line":40,"column":96}},"type":"cond-expr","locations":[{"start":{"line":40,"column":44},"end":{"line":40,"column":92}},{"start":{"line":40,"column":95},"end":{"line":40,"column":96}}],"line":40},"1":{"loc":{"start":{"line":67,"column":8},"end":{"line":71,"column":9}},"type":"if","locations":[{"start":{"line":67,"column":8},"end":{"line":71,"column":9}},{"start":{},"end":{}}],"line":67},"2":{"loc":{"start":{"line":104,"column":0},"end":{"line":110,"column":1}},"type":"if","locations":[{"start":{"line":104,"column":0},"end":{"line":110,"column":1}},{"start":{},"end":{}}],"line":104},"3":{"loc":{"start":{"line":124,"column":15},"end":{"line":124,"column":36}},"type":"cond-expr","locations":[{"start":{"line":124,"column":23},"end":{"line":124,"column":28}},{"start":{"line":124,"column":31},"end":{"line":124,"column":36}}],"line":124}},"s":{"0":1,"1":1,"2":1,"3":1,"4":1,"5":1,"6":1,"7":1,"8":1,"9":1,"10":1,"11":1,"12":1,"13":1,"14":1,"15":1,"16":1,"17":1,"18":1,"19":1,"20":1,"21":1,"22":1,"23":1,"24":59,"25":1,"26":1,"27":1,"28":1,"29":0,"30":0,"31":1,"32":0,"33":0,"34":0,"35":0,"36":0,"37":0,"38":0,"39":0,"40":0,"41":0,"42":0,"43":0,"44":0,"45":0,"46":1,"47":0,"48":1,"49":3,"50":3,"51":3,"52":1,"53":1,"54":1,"55":1,"56":1,"57":1,"58":0,"59":0,"60":1,"61":1,"62":0,"63":0,"64":1,"65":1},"f":{"0":1,"1":1,"2":59,"3":0,"4":0,"5":0,"6":3,"7":1,"8":0,"9":1,"10":0},"b":{"0":[1,0],"1":[0,0],"2":[0,1],"3":[0,0]},"_coverageSchema":"1a1c01bbd47fc00a2c39e90264f33305004495a9","hash":"6ce362a91235d1ececc4cb9f1602529be3a3050a"}
}
