TN:
SF:app.js
FN:21,(anonymous_0)
FN:27,(anonymous_1)
FN:40,(anonymous_2)
FN:57,(anonymous_3)
FN:65,(anonymous_4)
FN:86,(anonymous_5)
FN:90,(anonymous_6)
FN:97,(anonymous_7)
FN:106,(anonymous_8)
FN:112,transformTextToEmoji
FN:122,(anonymous_10)
FNF:11
FNH:6
FNDA:1,(anonymous_0)
FNDA:1,(anonymous_1)
FNDA:59,(anonymous_2)
FNDA:0,(anonymous_3)
FNDA:0,(anonymous_4)
FNDA:0,(anonymous_5)
FNDA:3,(anonymous_6)
FNDA:1,(anonymous_7)
FNDA:0,(anonymous_8)
FNDA:1,transformTextToEmoji
FNDA:0,(anonymous_10)
DA:2,1
DA:3,1
DA:4,1
DA:5,1
DA:6,1
DA:7,1
DA:9,1
DA:10,1
DA:16,1
DA:17,1
DA:18,1
DA:19,1
DA:21,1
DA:22,1
DA:23,1
DA:24,1
DA:25,1
DA:27,1
DA:28,1
DA:30,1
DA:31,1
DA:34,1
DA:37,1
DA:40,59
DA:43,1
DA:46,1
DA:47,1
DA:48,1
DA:50,0
DA:51,0
DA:57,1
DA:58,0
DA:59,0
DA:62,0
DA:65,0
DA:67,0
DA:69,0
DA:70,0
DA:74,0
DA:77,0
DA:78,0
DA:79,0
DA:81,0
DA:82,0
DA:86,1
DA:87,0
DA:90,1
DA:91,3
DA:92,3
DA:94,3
DA:97,1
DA:98,1
DA:99,1
DA:100,1
DA:101,1
DA:104,1
DA:106,0
DA:107,0
DA:113,1
DA:122,1
DA:123,0
DA:124,0
DA:127,1
DA:130,1
LF:64
LH:44
BRDA:40,0,0,1
BRDA:40,0,1,0
BRDA:67,1,0,0
BRDA:67,1,1,0
BRDA:104,2,0,0
BRDA:104,2,1,1
BRDA:124,3,0,0
BRDA:124,3,1,0
BRF:8
BRH:2
end_of_record
